<?xml version="1.0" encoding="UTF-8"?>
<!-- Generated by org.testng.reporters.JUnitReportReporter -->
<testsuite hostname="DESKTOP-0FC4KMH" failures="0" tests="1" name="hari.NewTest" time="93.976" errors="0" timestamp="3 Feb 2020 06:31:19 GMT">
  <testcase classname="hari.NewTest" name="f" time="93.976"/>
</testsuite> <!-- hari.NewTest -->
